<?xml version="1.0" encoding="UTF-8"?>
<testng-results ignored="0" total="1" passed="1" failed="0" skipped="0">
  <reporter-output>
  </reporter-output>
  <suite started-at="2025-06-12T00:04:31 PDT" name="Default suite" finished-at="2025-06-12T00:04:31 PDT" duration-ms="48">
    <groups>
    </groups>
    <test started-at="2025-06-12T00:04:31 PDT" name="Default test" finished-at="2025-06-12T00:04:31 PDT" duration-ms="48">
      <class name="TestNGProject.TestNGTest">
        <test-method is-config="true" signature="init()[pri:0, instance:TestNGProject.TestNGTest@2d3379b4]" started-at="2025-06-12T00:04:31 PDT" name="init" finished-at="2025-06-12T00:04:31 PDT" duration-ms="10" status="PASS">
          <reporter-output>
          </reporter-output>
        </test-method> <!-- init -->
        <test-method is-config="true" signature="beforeConfigCheck()[pri:0, instance:TestNGProject.TestNGTest@2d3379b4]" started-at="2025-06-12T00:04:31 PDT" name="beforeConfigCheck" finished-at="2025-06-12T00:04:31 PDT" duration-ms="0" status="PASS">
          <reporter-output>
          </reporter-output>
        </test-method> <!-- beforeConfigCheck -->
        <test-method is-config="true" signature="setup()[pri:0, instance:TestNGProject.TestNGTest@2d3379b4]" started-at="2025-06-12T00:04:31 PDT" name="setup" finished-at="2025-06-12T00:04:31 PDT" duration-ms="1" status="PASS">
          <reporter-output>
          </reporter-output>
        </test-method> <!-- setup -->
        <test-method signature="test()[pri:0, instance:TestNGProject.TestNGTest@2d3379b4]" started-at="2025-06-12T00:04:31 PDT" name="test" finished-at="2025-06-12T00:04:31 PDT" duration-ms="8" status="PASS">
          <reporter-output>
          </reporter-output>
        </test-method> <!-- test -->
        <test-method is-config="true" signature="tearDown()[pri:0, instance:TestNGProject.TestNGTest@2d3379b4]" started-at="2025-06-12T00:04:31 PDT" name="tearDown" finished-at="2025-06-12T00:04:31 PDT" duration-ms="0" status="PASS">
          <reporter-output>
          </reporter-output>
        </test-method> <!-- tearDown -->
        <test-method is-config="true" signature="afterconfigcheck()[pri:0, instance:TestNGProject.TestNGTest@2d3379b4]" started-at="2025-06-12T00:04:31 PDT" name="afterconfigcheck" finished-at="2025-06-12T00:04:31 PDT" duration-ms="0" status="PASS">
          <reporter-output>
          </reporter-output>
        </test-method> <!-- afterconfigcheck -->
      </class> <!-- TestNGProject.TestNGTest -->
    </test> <!-- Default test -->
  </suite> <!-- Default suite -->
</testng-results>
